<?xml version="1.0" encoding="UTF-8"?>
<!-- Generated by org.testng.reporters.JUnitReportReporter -->
<testsuite hostname="LAPTOP-P1L26TSF" failures="0" tests="1" name="compass.uathome.tests.CompassUatHometests" time="5.435" errors="0" timestamp="2022-11-12T16:02:13 BDT" skipped="0">
  <testcase classname="compass.uathome.tests.CompassUatHometests" name="TC_1" time="5.435"/>
  <system-out/>
</testsuite> <!-- compass.uathome.tests.CompassUatHometests -->
