<?xml version="1.0" encoding="UTF-8"?>
<!-- Generated by org.testng.reporters.JUnitReportReporter -->
<testsuite hostname="LAPTOP-P1L26TSF" failures="0" tests="1" name="compass.uat.tests.CompassUattests" time="6.710" errors="0" timestamp="2022-11-15T12:38:00 BDT" skipped="0">
  <testcase classname="compass.uat.tests.CompassUattests" name="TC_1" time="6.710"/>
  <system-out/>
</testsuite> <!-- compass.uat.tests.CompassUattests -->
