<?xml version="1.0" encoding="UTF-8"?>
<!-- Generated by org.testng.reporters.JUnitReportReporter -->
<testsuite hostname="LAPTOP-P1L26TSF" failures="0" tests="1" name="compass.uathome.tests.compasslogotests" time="6.358" errors="0" timestamp="2022-10-25T17:30:46 BDT" skipped="0">
  <testcase classname="compass.uathome.tests.compasslogotests" name="logoVeryficationTest" time="6.358"/>
  <system-out/>
</testsuite> <!-- compass.uathome.tests.compasslogotests -->
